REV_01/build/app/intermediates/manifest_merge_blame_file/debug/processDebugMainManifest/manifest-merger-blame-debug-report.txt
1<?xml version="1.0" encoding="utf-8"?>
2<manifest xmlns:android="http://schemas.android.com/apk/res/android"
3    package="com.example.local_lekker"
4    android:versionCode="1"
5    android:versionName="1.0.0" >
6
7    <uses-sdk
8        android:minSdkVersion="24"
9        android:targetSdkVersion="36" />
10    <!--
11         The INTERNET permission is required for development. Specifically,
12         the Flutter tool needs it to communicate with the running application
13         to allow setting breakpoints, to provide hot reload, etc.
14    -->
15    <uses-permission android:name="android.permission.INTERNET" />
15-->src\main\AndroidManifest.xml:3:5-67
15-->src\main\AndroidManifest.xml:3:22-64
16    <uses-permission android:name="android.permission.ACCESS_NETWORK_STATE" />
16-->src\main\AndroidManifest.xml:4:5-79
16-->src\main\AndroidManifest.xml:4:22-76
17    <!--
18 Required to query activities that can process text, see:
19         https://developer.android.com/training/package-visibility and
20         https://developer.android.com/reference/android/content/Intent#ACTION_PROCESS_TEXT.
21
22         In particular, this is used by the Flutter engine in io.flutter.plugin.text.ProcessTextPlugin.
23    -->
24    <queries>
24-->src\main\AndroidManifest.xml:56:5-61:15
25        <intent>
25-->src\main\AndroidManifest.xml:57:9-60:18
26            <action android:name="android.intent.action.PROCESS_TEXT" />
26-->src\main\AndroidManifest.xml:58:13-72
26-->src\main\AndroidManifest.xml:58:21-70
27
28            <data android:mimeType="text/plain" />
28-->src\main\AndroidManifest.xml:59:13-50
28-->src\main\AndroidManifest.xml:59:19-48
29        </intent>
30    </queries>
31
32    <uses-feature android:name="android.hardware.camera.any" />
32-->[:camera_android_camerax] AndroidManifest.xml:7:5-64
32-->[:camera_android_camerax] AndroidManifest.xml:7:19-61
33
34    <uses-permission android:name="android.permission.CAMERA" />
34-->[:camera_android_camerax] AndroidManifest.xml:9:5-65
34-->[:camera_android_camerax] AndroidManifest.xml:9:22-62
35    <uses-permission android:name="android.permission.RECORD_AUDIO" />
35-->[:camera_android_camerax] AndroidManifest.xml:10:5-71
35-->[:camera_android_camerax] AndroidManifest.xml:10:22-68
36    <uses-permission
36-->[:camera_android_camerax] AndroidManifest.xml:11:5-13:38
37        android:name="android.permission.WRITE_EXTERNAL_STORAGE"
37-->[:camera_android_camerax] AndroidManifest.xml:12:9-65
38        android:maxSdkVersion="28" />
38-->[:camera_android_camerax] AndroidManifest.xml:13:9-35
39    <uses-permission android:name="android.permission.READ_EXTERNAL_STORAGE" />
40
41    <uses-feature
41-->[:mobile_scanner] AndroidManifest.xml:9:5-11:36
42        android:name="android.hardware.camera"
42-->[:mobile_scanner] AndroidManifest.xml:10:9-47
43        android:required="false" />
43-->[:mobile_scanner] AndroidManifest.xml:11:9-33
44
45    <uses-permission android:name="android.permission.WAKE_LOCK" /> <!-- Required by older versions of Google Play services to create IID tokens -->
45-->[com.google.firebase:firebase-iid:20.1.5] AndroidManifest.xml:24:5-68
45-->[com.google.firebase:firebase-iid:20.1.5] AndroidManifest.xml:24:22-65
46    <uses-permission android:name="com.google.android.c2dm.permission.RECEIVE" />
46-->[com.google.firebase:firebase-iid:20.1.5] AndroidManifest.xml:26:5-82
46-->[com.google.firebase:firebase-iid:20.1.5] AndroidManifest.xml:26:22-79
47
48    <permission
48-->[androidx.core:core:1.13.1] AndroidManifest.xml:22:5-24:47
49        android:name="com.example.local_lekker.DYNAMIC_RECEIVER_NOT_EXPORTED_PERMISSION"
49-->[androidx.core:core:1.13.1] AndroidManifest.xml:23:9-81
50        android:protectionLevel="signature" />
50-->[androidx.core:core:1.13.1] AndroidManifest.xml:24:9-44
51
52    <uses-permission android:name="com.example.local_lekker.DYNAMIC_RECEIVER_NOT_EXPORTED_PERMISSION" />
52-->[androidx.core:core:1.13.1] AndroidManifest.xml:26:5-97
52-->[androidx.core:core:1.13.1] AndroidManifest.xml:26:22-94
53
54    <application
55        android:name="android.app.Application"
56        android:appComponentFactory="androidx.core.app.CoreComponentFactory"
56-->[androidx.core:core:1.13.1] AndroidManifest.xml:28:18-86
57        android:debuggable="true"
58        android:extractNativeLibs="false"
59        android:icon="@mipmap/ic_launcher"
60        android:label="local_lekker" >
61        <activity
62            android:name="com.example.local_lekker.MainActivity"
63            android:configChanges="orientation|keyboardHidden|keyboard|screenSize|smallestScreenSize|locale|layoutDirection|fontScale|screenLayout|density|uiMode"
64            android:exported="true"
65            android:hardwareAccelerated="true"
66            android:launchMode="singleTop"
67            android:taskAffinity=""
68            android:theme="@style/LaunchTheme"
69            android:windowSoftInputMode="adjustResize" >
70
71            <!--
72                 Specifies an Android theme to apply to this Activity as soon as
73                 the Android process has started. This theme is visible to the user
74                 while the Flutter UI initializes. After that, this theme continues
75                 to determine the Window background behind the Flutter UI.
76            -->
77            <meta-data
78                android:name="io.flutter.embedding.android.NormalTheme"
79                android:resource="@style/NormalTheme" />
80
81            <intent-filter>
82                <action android:name="android.intent.action.MAIN" />
83
84                <category android:name="android.intent.category.LAUNCHER" />
85            </intent-filter>
86            <!-- Deep link intent filters for authentication -->
87            <intent-filter android:autoVerify="true" >
88                <action android:name="android.intent.action.VIEW" />
89
90                <category android:name="android.intent.category.DEFAULT" />
91                <category android:name="android.intent.category.BROWSABLE" />
92
93                <data
93-->src\main\AndroidManifest.xml:59:13-50
94                    android:host="auth"
95                    android:scheme="locallekker" />
96            </intent-filter>
97            <intent-filter android:autoVerify="true" >
98                <action android:name="android.intent.action.VIEW" />
99
100                <category android:name="android.intent.category.DEFAULT" />
101                <category android:name="android.intent.category.BROWSABLE" />
102
103                <data
103-->src\main\AndroidManifest.xml:59:13-50
104                    android:host="auth"
105                    android:scheme="com.locallekker.app" />
106            </intent-filter>
107        </activity>
108        <!--
109             Don't delete the meta-data below.
110             This is used by the Flutter tool to generate GeneratedPluginRegistrant.java
111        -->
112        <meta-data
113            android:name="flutterEmbedding"
114            android:value="2" />
115
116        <service
116-->[androidx.camera:camera-camera2:1.5.0] AndroidManifest.xml:24:9-33:19
117            android:name="androidx.camera.core.impl.MetadataHolderService"
117-->[androidx.camera:camera-camera2:1.5.0] AndroidManifest.xml:25:13-75
118            android:enabled="false"
118-->[androidx.camera:camera-camera2:1.5.0] AndroidManifest.xml:26:13-36
119            android:exported="false" >
119-->[androidx.camera:camera-camera2:1.5.0] AndroidManifest.xml:27:13-37
120            <meta-data
120-->[androidx.camera:camera-camera2:1.5.0] AndroidManifest.xml:30:13-32:89
121                android:name="androidx.camera.core.impl.MetadataHolderService.DEFAULT_CONFIG_PROVIDER"
121-->[androidx.camera:camera-camera2:1.5.0] AndroidManifest.xml:31:17-103
122                android:value="androidx.camera.camera2.Camera2Config$DefaultProvider" />
122-->[androidx.camera:camera-camera2:1.5.0] AndroidManifest.xml:32:17-86
123        </service>
124
125        <provider
125-->[:image_picker_android] AndroidManifest.xml:9:9-17:20
126            android:name="io.flutter.plugins.imagepicker.ImagePickerFileProvider"
126-->[:image_picker_android] AndroidManifest.xml:10:13-82
127            android:authorities="com.example.local_lekker.flutter.image_provider"
127-->[:image_picker_android] AndroidManifest.xml:11:13-74
128            android:exported="false"
128-->[:image_picker_android] AndroidManifest.xml:12:13-37
129            android:grantUriPermissions="true" >
129-->[:image_picker_android] AndroidManifest.xml:13:13-47
130            <meta-data
130-->[:image_picker_android] AndroidManifest.xml:14:13-16:75
131                android:name="android.support.FILE_PROVIDER_PATHS"
131-->[:image_picker_android] AndroidManifest.xml:15:17-67
132                android:resource="@xml/flutter_image_picker_file_paths" />
132-->[:image_picker_android] AndroidManifest.xml:16:17-72
133        </provider> <!-- Trigger Google Play services to install the backported photo picker module. -->
134        <service
134-->[:image_picker_android] AndroidManifest.xml:19:9-31:19
135            android:name="com.google.android.gms.metadata.ModuleDependencies"
135-->[:image_picker_android] AndroidManifest.xml:20:13-78
136            android:enabled="false"
136-->[:image_picker_android] AndroidManifest.xml:21:13-36
137            android:exported="false" >
137-->[:image_picker_android] AndroidManifest.xml:22:13-37
138            <intent-filter>
138-->[:image_picker_android] AndroidManifest.xml:24:13-26:29
139                <action android:name="com.google.android.gms.metadata.MODULE_DEPENDENCIES" />
139-->[:image_picker_android] AndroidManifest.xml:25:17-94
139-->[:image_picker_android] AndroidManifest.xml:25:25-91
140            </intent-filter>
141
142            <meta-data
142-->[:image_picker_android] AndroidManifest.xml:28:13-30:36
143                android:name="photopicker_activity:0:required"
143-->[:image_picker_android] AndroidManifest.xml:29:17-63
144                android:value="" />
144-->[:image_picker_android] AndroidManifest.xml:30:17-33
145        </service>
146
147        <activity
147-->[:url_launcher_android] AndroidManifest.xml:8:9-11:74
148            android:name="io.flutter.plugins.urllauncher.WebViewActivity"
148-->[:url_launcher_android] AndroidManifest.xml:9:13-74
149            android:exported="false"
149-->[:url_launcher_android] AndroidManifest.xml:10:13-37
150            android:theme="@android:style/Theme.NoTitleBar.Fullscreen" />
150-->[:url_launcher_android] AndroidManifest.xml:11:13-71
151
152        <uses-library
152-->[androidx.window:window:1.2.0] AndroidManifest.xml:23:9-25:40
153            android:name="androidx.window.extensions"
153-->[androidx.window:window:1.2.0] AndroidManifest.xml:24:13-54
154            android:required="false" />
154-->[androidx.window:window:1.2.0] AndroidManifest.xml:25:13-37
155        <uses-library
155-->[androidx.window:window:1.2.0] AndroidManifest.xml:26:9-28:40
156            android:name="androidx.window.sidecar"
156-->[androidx.window:window:1.2.0] AndroidManifest.xml:27:13-51
157            android:required="false" />
157-->[androidx.window:window:1.2.0] AndroidManifest.xml:28:13-37
158
159        <service
159-->[com.google.mlkit:image-labeling:17.0.9] AndroidManifest.xml:8:9-14:19
160            android:name="com.google.mlkit.common.internal.MlKitComponentDiscoveryService"
160-->[com.google.mlkit:image-labeling:17.0.9] AndroidManifest.xml:9:13-91
161            android:directBootAware="true"
161-->[com.google.mlkit:common:18.11.0] AndroidManifest.xml:17:13-43
162            android:exported="false" >
162-->[com.google.mlkit:image-labeling:17.0.9] AndroidManifest.xml:10:13-37
163            <meta-data
163-->[com.google.mlkit:image-labeling:17.0.9] AndroidManifest.xml:11:13-13:85
164                android:name="com.google.firebase.components:com.google.mlkit.vision.label.defaults.internal.BundledLabelRegistrar"
164-->[com.google.mlkit:image-labeling:17.0.9] AndroidManifest.xml:12:17-132
165                android:value="com.google.firebase.components.ComponentRegistrar" />
165-->[com.google.mlkit:image-labeling:17.0.9] AndroidManifest.xml:13:17-82
166            <meta-data
166-->[com.google.mlkit:image-labeling-custom:17.0.3] AndroidManifest.xml:11:13-13:85
167                android:name="com.google.firebase.components:com.google.mlkit.vision.label.custom.internal.CustomLabelRegistrar"
167-->[com.google.mlkit:image-labeling-custom:17.0.3] AndroidManifest.xml:12:17-129
168                android:value="com.google.firebase.components.ComponentRegistrar" />
168-->[com.google.mlkit:image-labeling-custom:17.0.3] AndroidManifest.xml:13:17-82
169            <meta-data
169-->[com.google.mlkit:vision-internal-vkp:18.2.3] AndroidManifest.xml:14:13-16:85
170                android:name="com.google.firebase.components:com.google.mlkit.vision.vkp.VkpRegistrar"
170-->[com.google.mlkit:vision-internal-vkp:18.2.3] AndroidManifest.xml:15:17-103
171                android:value="com.google.firebase.components.ComponentRegistrar" />
171-->[com.google.mlkit:vision-internal-vkp:18.2.3] AndroidManifest.xml:16:17-82
172            <meta-data
172-->[com.google.android.gms:play-services-mlkit-barcode-scanning:18.3.1] AndroidManifest.xml:12:13-14:85
173                android:name="com.google.firebase.components:com.google.mlkit.vision.barcode.internal.BarcodeRegistrar"
173-->[com.google.android.gms:play-services-mlkit-barcode-scanning:18.3.1] AndroidManifest.xml:13:17-120
174                android:value="com.google.firebase.components.ComponentRegistrar" />
174-->[com.google.android.gms:play-services-mlkit-barcode-scanning:18.3.1] AndroidManifest.xml:14:17-82
175            <meta-data
175-->[com.google.android.gms:play-services-mlkit-text-recognition-common:19.1.0] AndroidManifest.xml:12:13-14:85
176                android:name="com.google.firebase.components:com.google.mlkit.vision.text.internal.TextRegistrar"
176-->[com.google.android.gms:play-services-mlkit-text-recognition-common:19.1.0] AndroidManifest.xml:13:17-114
177                android:value="com.google.firebase.components.ComponentRegistrar" />
177-->[com.google.android.gms:play-services-mlkit-text-recognition-common:19.1.0] AndroidManifest.xml:14:17-82
178            <meta-data
178-->[com.google.mlkit:vision-common:17.3.0] AndroidManifest.xml:12:13-14:85
179                android:name="com.google.firebase.components:com.google.mlkit.vision.common.internal.VisionCommonRegistrar"
179-->[com.google.mlkit:vision-common:17.3.0] AndroidManifest.xml:13:17-124
180                android:value="com.google.firebase.components.ComponentRegistrar" />
180-->[com.google.mlkit:vision-common:17.3.0] AndroidManifest.xml:14:17-82
181            <meta-data
181-->[com.google.mlkit:linkfirebase:17.0.0] AndroidManifest.xml:12:13-14:85
182                android:name="com.google.firebase.components:com.google.mlkit.linkfirebase.internal.LinkFirebaseComponentRegistrar"
182-->[com.google.mlkit:linkfirebase:17.0.0] AndroidManifest.xml:13:17-132
183                android:value="com.google.firebase.components.ComponentRegistrar" />
183-->[com.google.mlkit:linkfirebase:17.0.0] AndroidManifest.xml:14:17-82
184            <meta-data
184-->[com.google.mlkit:common:18.11.0] AndroidManifest.xml:20:13-22:85
185                android:name="com.google.firebase.components:com.google.mlkit.common.internal.CommonComponentRegistrar"
185-->[com.google.mlkit:common:18.11.0] AndroidManifest.xml:21:17-120
186                android:value="com.google.firebase.components.ComponentRegistrar" />
186-->[com.google.mlkit:common:18.11.0] AndroidManifest.xml:22:17-82
187        </service>
188
189        <provider
189-->[com.google.mlkit:common:18.11.0] AndroidManifest.xml:9:9-13:38
190            android:name="com.google.mlkit.common.internal.MlKitInitProvider"
190-->[com.google.mlkit:common:18.11.0] AndroidManifest.xml:10:13-78
191            android:authorities="com.example.local_lekker.mlkitinitprovider"
191-->[com.google.mlkit:common:18.11.0] AndroidManifest.xml:11:13-69
192            android:exported="false"
192-->[com.google.mlkit:common:18.11.0] AndroidManifest.xml:12:13-37
193            android:initOrder="99" />
193-->[com.google.mlkit:common:18.11.0] AndroidManifest.xml:13:13-35
194
195        <service
195-->[com.google.firebase:firebase-iid:20.1.5] AndroidManifest.xml:29:9-35:19
196            android:name="com.google.firebase.components.ComponentDiscoveryService"
196-->[com.google.firebase:firebase-iid:20.1.5] AndroidManifest.xml:30:13-84
197            android:directBootAware="true"
197-->[com.google.firebase:firebase-common:19.3.0] AndroidManifest.xml:34:13-43
198            android:exported="false" >
198-->[com.google.firebase:firebase-iid:20.1.5] AndroidManifest.xml:31:13-37
199            <meta-data
199-->[com.google.firebase:firebase-iid:20.1.5] AndroidManifest.xml:32:13-34:85
200                android:name="com.google.firebase.components:com.google.firebase.iid.Registrar"
200-->[com.google.firebase:firebase-iid:20.1.5] AndroidManifest.xml:33:17-96
201                android:value="com.google.firebase.components.ComponentRegistrar" />
201-->[com.google.firebase:firebase-iid:20.1.5] AndroidManifest.xml:34:17-82
202            <meta-data
202-->[com.google.firebase:firebase-installations:16.2.1] AndroidManifest.xml:17:13-19:85
203                android:name="com.google.firebase.components:com.google.firebase.installations.FirebaseInstallationsRegistrar"
203-->[com.google.firebase:firebase-installations:16.2.1] AndroidManifest.xml:18:17-127
204                android:value="com.google.firebase.components.ComponentRegistrar" />
204-->[com.google.firebase:firebase-installations:16.2.1] AndroidManifest.xml:19:17-82
205        </service>
206
207        <receiver
207-->[com.google.firebase:firebase-iid:20.1.5] AndroidManifest.xml:37:9-44:20
208            android:name="com.google.firebase.iid.FirebaseInstanceIdReceiver"
208-->[com.google.firebase:firebase-iid:20.1.5] AndroidManifest.xml:38:13-78
209            android:exported="true"
209-->[com.google.firebase:firebase-iid:20.1.5] AndroidManifest.xml:39:13-36
210            android:permission="com.google.android.c2dm.permission.SEND" >
210-->[com.google.firebase:firebase-iid:20.1.5] AndroidManifest.xml:40:13-73
211            <intent-filter>
211-->[com.google.firebase:firebase-iid:20.1.5] AndroidManifest.xml:41:13-43:29
212                <action android:name="com.google.android.c2dm.intent.RECEIVE" />
212-->[com.google.firebase:firebase-iid:20.1.5] AndroidManifest.xml:42:17-81
212-->[com.google.firebase:firebase-iid:20.1.5] AndroidManifest.xml:42:25-78
213            </intent-filter>
214        </receiver>
215
216        <activity
216-->[com.google.android.gms:play-services-base:18.5.0] AndroidManifest.xml:5:9-173
217            android:name="com.google.android.gms.common.api.GoogleApiActivity"
217-->[com.google.android.gms:play-services-base:18.5.0] AndroidManifest.xml:5:19-85
218            android:exported="false"
218-->[com.google.android.gms:play-services-base:18.5.0] AndroidManifest.xml:5:146-170
219            android:theme="@android:style/Theme.Translucent.NoTitleBar" />
219-->[com.google.android.gms:play-services-base:18.5.0] AndroidManifest.xml:5:86-145
220
221        <provider
221-->[com.google.firebase:firebase-common:19.3.0] AndroidManifest.xml:26:9-30:39
222            android:name="com.google.firebase.provider.FirebaseInitProvider"
222-->[com.google.firebase:firebase-common:19.3.0] AndroidManifest.xml:27:13-77
223            android:authorities="com.example.local_lekker.firebaseinitprovider"
223-->[com.google.firebase:firebase-common:19.3.0] AndroidManifest.xml:28:13-72
224            android:exported="false"
224-->[com.google.firebase:firebase-common:19.3.0] AndroidManifest.xml:29:13-37
225            android:initOrder="100" />
225-->[com.google.firebase:firebase-common:19.3.0] AndroidManifest.xml:30:13-36
226
227        <meta-data
227-->[com.google.android.gms:play-services-basement:18.4.0] AndroidManifest.xml:6:9-122
228            android:name="com.google.android.gms.version"
228-->[com.google.android.gms:play-services-basement:18.4.0] AndroidManifest.xml:6:20-65
229            android:value="@integer/google_play_services_version" />
229-->[com.google.android.gms:play-services-basement:18.4.0] AndroidManifest.xml:6:66-119
230
231        <provider
231-->[androidx.emoji2:emoji2:1.2.0] AndroidManifest.xml:24:9-32:20
232            android:name="androidx.startup.InitializationProvider"
232-->[androidx.emoji2:emoji2:1.2.0] AndroidManifest.xml:25:13-67
233            android:authorities="com.example.local_lekker.androidx-startup"
233-->[androidx.emoji2:emoji2:1.2.0] AndroidManifest.xml:26:13-68
234            android:exported="false" >
234-->[androidx.emoji2:emoji2:1.2.0] AndroidManifest.xml:27:13-37
235            <meta-data
235-->[androidx.emoji2:emoji2:1.2.0] AndroidManifest.xml:29:13-31:52
236                android:name="androidx.emoji2.text.EmojiCompatInitializer"
236-->[androidx.emoji2:emoji2:1.2.0] AndroidManifest.xml:30:17-75
237                android:value="androidx.startup" />
237-->[androidx.emoji2:emoji2:1.2.0] AndroidManifest.xml:31:17-49
238            <meta-data
238-->[androidx.lifecycle:lifecycle-process:2.7.0] AndroidManifest.xml:29:13-31:52
239                android:name="androidx.lifecycle.ProcessLifecycleInitializer"
239-->[androidx.lifecycle:lifecycle-process:2.7.0] AndroidManifest.xml:30:17-78
240                android:value="androidx.startup" />
240-->[androidx.lifecycle:lifecycle-process:2.7.0] AndroidManifest.xml:31:17-49
241            <meta-data
241-->[androidx.profileinstaller:profileinstaller:1.4.0] AndroidManifest.xml:29:13-31:52
242                android:name="androidx.profileinstaller.ProfileInstallerInitializer"
242-->[androidx.profileinstaller:profileinstaller:1.4.0] AndroidManifest.xml:30:17-85
243                android:value="androidx.startup" />
243-->[androidx.profileinstaller:profileinstaller:1.4.0] AndroidManifest.xml:31:17-49
244        </provider>
245
246        <receiver
246-->[androidx.profileinstaller:profileinstaller:1.4.0] AndroidManifest.xml:34:9-52:20
247            android:name="androidx.profileinstaller.ProfileInstallReceiver"
247-->[androidx.profileinstaller:profileinstaller:1.4.0] AndroidManifest.xml:35:13-76
248            android:directBootAware="false"
248-->[androidx.profileinstaller:profileinstaller:1.4.0] AndroidManifest.xml:36:13-44
249            android:enabled="true"
249-->[androidx.profileinstaller:profileinstaller:1.4.0] AndroidManifest.xml:37:13-35
250            android:exported="true"
250-->[androidx.profileinstaller:profileinstaller:1.4.0] AndroidManifest.xml:38:13-36
251            android:permission="android.permission.DUMP" >
251-->[androidx.profileinstaller:profileinstaller:1.4.0] AndroidManifest.xml:39:13-57
252            <intent-filter>
252-->[androidx.profileinstaller:profileinstaller:1.4.0] AndroidManifest.xml:40:13-42:29
253                <action android:name="androidx.profileinstaller.action.INSTALL_PROFILE" />
253-->[androidx.profileinstaller:profileinstaller:1.4.0] AndroidManifest.xml:41:17-91
253-->[androidx.profileinstaller:profileinstaller:1.4.0] AndroidManifest.xml:41:25-88
254            </intent-filter>
255            <intent-filter>
255-->[androidx.profileinstaller:profileinstaller:1.4.0] AndroidManifest.xml:43:13-45:29
256                <action android:name="androidx.profileinstaller.action.SKIP_FILE" />
256-->[androidx.profileinstaller:profileinstaller:1.4.0] AndroidManifest.xml:44:17-85
256-->[androidx.profileinstaller:profileinstaller:1.4.0] AndroidManifest.xml:44:25-82
257            </intent-filter>
258            <intent-filter>
258-->[androidx.profileinstaller:profileinstaller:1.4.0] AndroidManifest.xml:46:13-48:29
259                <action android:name="androidx.profileinstaller.action.SAVE_PROFILE" />
259-->[androidx.profileinstaller:profileinstaller:1.4.0] AndroidManifest.xml:47:17-88
259-->[androidx.profileinstaller:profileinstaller:1.4.0] AndroidManifest.xml:47:25-85
260            </intent-filter>
261            <intent-filter>
261-->[androidx.profileinstaller:profileinstaller:1.4.0] AndroidManifest.xml:49:13-51:29
262                <action android:name="androidx.profileinstaller.action.BENCHMARK_OPERATION" />
262-->[androidx.profileinstaller:profileinstaller:1.4.0] AndroidManifest.xml:50:17-95
262-->[androidx.profileinstaller:profileinstaller:1.4.0] AndroidManifest.xml:50:25-92
263            </intent-filter>
264        </receiver>
265
266        <service
266-->[com.google.android.datatransport:transport-backend-cct:2.3.3] AndroidManifest.xml:29:9-35:19
267            android:name="com.google.android.datatransport.runtime.backends.TransportBackendDiscovery"
267-->[com.google.android.datatransport:transport-backend-cct:2.3.3] AndroidManifest.xml:30:13-103
268            android:exported="false" >
268-->[com.google.android.datatransport:transport-backend-cct:2.3.3] AndroidManifest.xml:31:13-37
269            <meta-data
269-->[com.google.android.datatransport:transport-backend-cct:2.3.3] AndroidManifest.xml:32:13-34:39
270                android:name="backend:com.google.android.datatransport.cct.CctBackendFactory"
270-->[com.google.android.datatransport:transport-backend-cct:2.3.3] AndroidManifest.xml:33:17-94
271                android:value="cct" />
271-->[com.google.android.datatransport:transport-backend-cct:2.3.3] AndroidManifest.xml:34:17-36
272        </service>
273        <service
273-->[com.google.android.datatransport:transport-runtime:2.2.6] AndroidManifest.xml:26:9-30:19
274            android:name="com.google.android.datatransport.runtime.scheduling.jobscheduling.JobInfoSchedulerService"
274-->[com.google.android.datatransport:transport-runtime:2.2.6] AndroidManifest.xml:27:13-117
275            android:exported="false"
275-->[com.google.android.datatransport:transport-runtime:2.2.6] AndroidManifest.xml:28:13-37
276            android:permission="android.permission.BIND_JOB_SERVICE" >
276-->[com.google.android.datatransport:transport-runtime:2.2.6] AndroidManifest.xml:29:13-69
277        </service>
278
279        <receiver
279-->[com.google.android.datatransport:transport-runtime:2.2.6] AndroidManifest.xml:32:9-34:40
280            android:name="com.google.android.datatransport.runtime.scheduling.jobscheduling.AlarmManagerSchedulerBroadcastReceiver"
280-->[com.google.android.datatransport:transport-runtime:2.2.6] AndroidManifest.xml:33:13-132
281            android:exported="false" />
281-->[com.google.android.datatransport:transport-runtime:2.2.6] AndroidManifest.xml:34:13-37
282    </application>
283
284</manifest>